<?xml version="1.0" encoding="UTF-8"?>
<testng-results ignored="0" total="2" passed="2" failed="0" skipped="0">
  <reporter-output>
  </reporter-output>
  <suite started-at="2025-07-28T19:11:56 IST" name="SauceDemo Suite" finished-at="2025-07-28T19:12:01 IST" duration-ms="5326">
    <groups>
    </groups>
    <test started-at="2025-07-28T19:11:56 IST" name="SauceDemo Tests" finished-at="2025-07-28T19:12:01 IST" duration-ms="5326">
      <class name="SauceDemoTest">
        <test-method is-config="true" signature="setup()[pri:0, instance:SauceDemoTest@3911c2a7]" started-at="2025-07-28T19:11:56 IST" name="setup" finished-at="2025-07-28T19:11:58 IST" duration-ms="1964" status="PASS">
          <reporter-output>
          </reporter-output>
        </test-method> <!-- setup -->
        <test-method signature="testSauceDemoFlow()[pri:1, instance:SauceDemoTest@3911c2a7]" started-at="2025-07-28T19:11:58 IST" name="testSauceDemoFlow" description="Login" finished-at="2025-07-28T19:11:58 IST" duration-ms="314" status="PASS">
          <reporter-output>
          </reporter-output>
        </test-method> <!-- testSauceDemoFlow -->
        <test-method signature="validateAboutPageTitle()[pri:2, instance:SauceDemoTest@3911c2a7]" started-at="2025-07-28T19:11:58 IST" name="validateAboutPageTitle" finished-at="2025-07-28T19:12:01 IST" duration-ms="2935" status="PASS">
          <reporter-output>
          </reporter-output>
        </test-method> <!-- validateAboutPageTitle -->
        <test-method is-config="true" signature="tearDown()[pri:0, instance:SauceDemoTest@3911c2a7]" started-at="2025-07-28T19:12:01 IST" name="tearDown" finished-at="2025-07-28T19:12:01 IST" duration-ms="101" status="PASS">
          <reporter-output>
          </reporter-output>
        </test-method> <!-- tearDown -->
      </class> <!-- SauceDemoTest -->
    </test> <!-- SauceDemo Tests -->
  </suite> <!-- SauceDemo Suite -->
</testng-results>
